{
  "RSpec": {
    "coverage": {
      "/home/anastasisgi/Documents/ChitterApp_II/spec/feautres/authentication_spec.rb": {
        "lines": [
          1,
          null,
          1,
          1,
          1,
          1,
          1,
          1,
          1,
          1,
          1,
          null,
          null,
          null,
          null,
          null,
          null
        ]
      },
      "/home/anastasisgi/Documents/ChitterApp_II/spec/models/user_spec.rb": {
        "lines": [
          1,
          null,
          1,
          1,
          1,
          null,
          null,
          null,
          1,
          null,
          null,
          null,
          null
        ]
      }
    },
    "timestamp": 1614108739
  }
}
